<?xml version="1.0" encoding="UTF-8"?>
<testsuite xmlns:xsi="http://www.w3.org/2001/XMLSchema-instance" xsi:noNamespaceSchemaLocation="https://maven.apache.org/surefire/maven-surefire-plugin/xsd/surefire-test-report-3.0.xsd" version="3.0" name="TestSuite" time="274.32" tests="7" errors="0" skipped="0" failures="0">
  <properties>
    <property name="java.specification.version" value="21"/>
    <property name="sun.cpu.isalist" value="amd64"/>
    <property name="sun.jnu.encoding" value="Cp1252"/>
    <property name="java.class.path" value="C:\Users\USER\eclipse-workspace\Lambda-behavior-driven-development-framework\target\test-classes;C:\Users\USER\eclipse-workspace\Lambda-behavior-driven-development-framework\target\classes;C:\Users\USER\.m2\repository\org\seleniumhq\selenium\selenium-java\4.25.0\selenium-java-4.25.0.jar;C:\Users\USER\.m2\repository\org\seleniumhq\selenium\selenium-api\4.25.0\selenium-api-4.25.0.jar;C:\Users\USER\.m2\repository\org\jspecify\jspecify\1.0.0\jspecify-1.0.0.jar;C:\Users\USER\.m2\repository\org\seleniumhq\selenium\selenium-chrome-driver\4.25.0\selenium-chrome-driver-4.25.0.jar;C:\Users\USER\.m2\repository\com\google\auto\service\auto-service-annotations\1.1.1\auto-service-annotations-1.1.1.jar;C:\Users\USER\.m2\repository\org\seleniumhq\selenium\selenium-chromium-driver\4.25.0\selenium-chromium-driver-4.25.0.jar;C:\Users\USER\.m2\repository\org\seleniumhq\selenium\selenium-json\4.25.0\selenium-json-4.25.0.jar;C:\Users\USER\.m2\repository\org\seleniumhq\selenium\selenium-manager\4.25.0\selenium-manager-4.25.0.jar;C:\Users\USER\.m2\repository\org\seleniumhq\selenium\selenium-devtools-v127\4.25.0\selenium-devtools-v127-4.25.0.jar;C:\Users\USER\.m2\repository\org\seleniumhq\selenium\selenium-devtools-v128\4.25.0\selenium-devtools-v128-4.25.0.jar;C:\Users\USER\.m2\repository\org\seleniumhq\selenium\selenium-devtools-v129\4.25.0\selenium-devtools-v129-4.25.0.jar;C:\Users\USER\.m2\repository\org\seleniumhq\selenium\selenium-devtools-v85\4.25.0\selenium-devtools-v85-4.25.0.jar;C:\Users\USER\.m2\repository\org\seleniumhq\selenium\selenium-edge-driver\4.25.0\selenium-edge-driver-4.25.0.jar;C:\Users\USER\.m2\repository\org\seleniumhq\selenium\selenium-firefox-driver\4.25.0\selenium-firefox-driver-4.25.0.jar;C:\Users\USER\.m2\repository\org\seleniumhq\selenium\selenium-http\4.25.0\selenium-http-4.25.0.jar;C:\Users\USER\.m2\repository\dev\failsafe\failsafe\3.3.2\failsafe-3.3.2.jar;C:\Users\USER\.m2\repository\org\seleniumhq\selenium\selenium-ie-driver\4.25.0\selenium-ie-driver-4.25.0.jar;C:\Users\USER\.m2\repository\org\seleniumhq\selenium\selenium-remote-driver\4.25.0\selenium-remote-driver-4.25.0.jar;C:\Users\USER\.m2\repository\com\google\guava\guava\33.3.0-jre\guava-33.3.0-jre.jar;C:\Users\USER\.m2\repository\com\google\guava\failureaccess\1.0.2\failureaccess-1.0.2.jar;C:\Users\USER\.m2\repository\com\google\guava\listenablefuture\9999.0-empty-to-avoid-conflict-with-guava\listenablefuture-9999.0-empty-to-avoid-conflict-with-guava.jar;C:\Users\USER\.m2\repository\com\google\code\findbugs\jsr305\3.0.2\jsr305-3.0.2.jar;C:\Users\USER\.m2\repository\org\checkerframework\checker-qual\3.43.0\checker-qual-3.43.0.jar;C:\Users\USER\.m2\repository\com\google\j2objc\j2objc-annotations\3.0.0\j2objc-annotations-3.0.0.jar;C:\Users\USER\.m2\repository\io\opentelemetry\semconv\opentelemetry-semconv\1.25.0-alpha\opentelemetry-semconv-1.25.0-alpha.jar;C:\Users\USER\.m2\repository\io\opentelemetry\opentelemetry-api\1.42.1\opentelemetry-api-1.42.1.jar;C:\Users\USER\.m2\repository\io\opentelemetry\opentelemetry-context\1.42.1\opentelemetry-context-1.42.1.jar;C:\Users\USER\.m2\repository\io\opentelemetry\opentelemetry-exporter-logging\1.42.1\opentelemetry-exporter-logging-1.42.1.jar;C:\Users\USER\.m2\repository\io\opentelemetry\opentelemetry-sdk-common\1.42.1\opentelemetry-sdk-common-1.42.1.jar;C:\Users\USER\.m2\repository\io\opentelemetry\opentelemetry-sdk-extension-autoconfigure-spi\1.42.1\opentelemetry-sdk-extension-autoconfigure-spi-1.42.1.jar;C:\Users\USER\.m2\repository\io\opentelemetry\opentelemetry-sdk-extension-autoconfigure\1.42.1\opentelemetry-sdk-extension-autoconfigure-1.42.1.jar;C:\Users\USER\.m2\repository\io\opentelemetry\opentelemetry-api-incubator\1.42.1-alpha\opentelemetry-api-incubator-1.42.1-alpha.jar;C:\Users\USER\.m2\repository\io\opentelemetry\opentelemetry-sdk-trace\1.42.1\opentelemetry-sdk-trace-1.42.1.jar;C:\Users\USER\.m2\repository\io\opentelemetry\opentelemetry-sdk\1.42.1\opentelemetry-sdk-1.42.1.jar;C:\Users\USER\.m2\repository\io\opentelemetry\opentelemetry-sdk-metrics\1.42.1\opentelemetry-sdk-metrics-1.42.1.jar;C:\Users\USER\.m2\repository\io\opentelemetry\opentelemetry-sdk-logs\1.42.1\opentelemetry-sdk-logs-1.42.1.jar;C:\Users\USER\.m2\repository\net\bytebuddy\byte-buddy\1.15.1\byte-buddy-1.15.1.jar;C:\Users\USER\.m2\repository\org\seleniumhq\selenium\selenium-os\4.25.0\selenium-os-4.25.0.jar;C:\Users\USER\.m2\repository\org\apache\commons\commons-exec\1.4.0\commons-exec-1.4.0.jar;C:\Users\USER\.m2\repository\org\seleniumhq\selenium\selenium-safari-driver\4.25.0\selenium-safari-driver-4.25.0.jar;C:\Users\USER\.m2\repository\org\seleniumhq\selenium\selenium-support\4.25.0\selenium-support-4.25.0.jar;C:\Users\USER\.m2\repository\com\github\javafaker\javafaker\1.0.2\javafaker-1.0.2.jar;C:\Users\USER\.m2\repository\org\apache\commons\commons-lang3\3.5\commons-lang3-3.5.jar;C:\Users\USER\.m2\repository\org\yaml\snakeyaml\1.23\snakeyaml-1.23-android.jar;C:\Users\USER\.m2\repository\com\github\mifmif\generex\1.0.2\generex-1.0.2.jar;C:\Users\USER\.m2\repository\dk\brics\automaton\automaton\1.11-8\automaton-1.11-8.jar;C:\Users\USER\.m2\repository\io\github\bonigarcia\webdrivermanager\5.9.2\webdrivermanager-5.9.2.jar;C:\Users\USER\.m2\repository\org\slf4j\slf4j-api\2.0.13\slf4j-api-2.0.13.jar;C:\Users\USER\.m2\repository\com\google\code\gson\gson\2.11.0\gson-2.11.0.jar;C:\Users\USER\.m2\repository\com\google\errorprone\error_prone_annotations\2.27.0\error_prone_annotations-2.27.0.jar;C:\Users\USER\.m2\repository\com\github\docker-java\docker-java\3.4.0\docker-java-3.4.0.jar;C:\Users\USER\.m2\repository\com\github\docker-java\docker-java-core\3.4.0\docker-java-core-3.4.0.jar;C:\Users\USER\.m2\repository\com\github\docker-java\docker-java-api\3.4.0\docker-java-api-3.4.0.jar;C:\Users\USER\.m2\repository\com\fasterxml\jackson\core\jackson-annotations\2.10.3\jackson-annotations-2.10.3.jar;C:\Users\USER\.m2\repository\com\fasterxml\jackson\core\jackson-databind\2.10.3\jackson-databind-2.10.3.jar;C:\Users\USER\.m2\repository\com\fasterxml\jackson\core\jackson-core\2.10.3\jackson-core-2.10.3.jar;C:\Users\USER\.m2\repository\org\slf4j\jcl-over-slf4j\1.7.30\jcl-over-slf4j-1.7.30.jar;C:\Users\USER\.m2\repository\com\github\docker-java\docker-java-transport-httpclient5\3.4.0\docker-java-transport-httpclient5-3.4.0.jar;C:\Users\USER\.m2\repository\com\github\docker-java\docker-java-transport\3.4.0\docker-java-transport-3.4.0.jar;C:\Users\USER\.m2\repository\net\java\dev\jna\jna\5.13.0\jna-5.13.0.jar;C:\Users\USER\.m2\repository\org\brotli\dec\0.1.2\dec-0.1.2.jar;C:\Users\USER\.m2\repository\org\apache\commons\commons-compress\1.26.2\commons-compress-1.26.2.jar;C:\Users\USER\.m2\repository\commons-codec\commons-codec\1.17.0\commons-codec-1.17.0.jar;C:\Users\USER\.m2\repository\commons-io\commons-io\2.16.1\commons-io-2.16.1.jar;C:\Users\USER\.m2\repository\org\apache\httpcomponents\client5\httpclient5\5.2.1\httpclient5-5.2.1.jar;C:\Users\USER\.m2\repository\org\apache\httpcomponents\core5\httpcore5\5.2\httpcore5-5.2.jar;C:\Users\USER\.m2\repository\org\apache\httpcomponents\core5\httpcore5-h2\5.2\httpcore5-h2-5.2.jar;C:\Users\USER\.m2\repository\io\cucumber\cucumber-java\7.30.0\cucumber-java-7.30.0.jar;C:\Users\USER\.m2\repository\io\cucumber\cucumber-core\7.30.0\cucumber-core-7.30.0.jar;C:\Users\USER\.m2\repository\io\cucumber\cucumber-gherkin\7.30.0\cucumber-gherkin-7.30.0.jar;C:\Users\USER\.m2\repository\io\cucumber\cucumber-gherkin-messages\7.30.0\cucumber-gherkin-messages-7.30.0.jar;C:\Users\USER\.m2\repository\io\cucumber\gherkin\35.1.0\gherkin-35.1.0.jar;C:\Users\USER\.m2\repository\org\assertj\assertj-core\3.27.5\assertj-core-3.27.5.jar;C:\Users\USER\.m2\repository\io\cucumber\messages\29.0.1\messages-29.0.1.jar;C:\Users\USER\.m2\repository\io\cucumber\pretty-formatter\2.3.0\pretty-formatter-2.3.0.jar;C:\Users\USER\.m2\repository\io\cucumber\query\14.5.0\query-14.5.0.jar;C:\Users\USER\.m2\repository\io\cucumber\teamcity-formatter\0.1.1\teamcity-formatter-0.1.1.jar;C:\Users\USER\.m2\repository\io\cucumber\testng-xml-formatter\0.6.0\testng-xml-formatter-0.6.0.jar;C:\Users\USER\.m2\repository\io\cucumber\tag-expressions\6.1.2\tag-expressions-6.1.2.jar;C:\Users\USER\.m2\repository\io\cucumber\cucumber-expressions\18.0.1\cucumber-expressions-18.0.1.jar;C:\Users\USER\.m2\repository\io\cucumber\cucumber-json-formatter\0.2.1\cucumber-json-formatter-0.2.1.jar;C:\Users\USER\.m2\repository\io\cucumber\datatable\7.30.0\datatable-7.30.0.jar;C:\Users\USER\.m2\repository\io\cucumber\cucumber-plugin\7.30.0\cucumber-plugin-7.30.0.jar;C:\Users\USER\.m2\repository\io\cucumber\docstring\7.30.0\docstring-7.30.0.jar;C:\Users\USER\.m2\repository\io\cucumber\html-formatter\21.15.1\html-formatter-21.15.1.jar;C:\Users\USER\.m2\repository\io\cucumber\junit-xml-formatter\0.9.0\junit-xml-formatter-0.9.0.jar;C:\Users\USER\.m2\repository\io\cucumber\ci-environment\10.0.1\ci-environment-10.0.1.jar;C:\Users\USER\.m2\repository\org\apiguardian\apiguardian-api\1.1.2\apiguardian-api-1.1.2.jar;C:\Users\USER\.m2\repository\io\cucumber\cucumber-testng\7.30.0\cucumber-testng-7.30.0.jar;C:\Users\USER\.m2\repository\org\testng\testng\7.10.2\testng-7.10.2.jar;C:\Users\USER\.m2\repository\com\beust\jcommander\1.82\jcommander-1.82.jar;C:\Users\USER\.m2\repository\org\webjars\jquery\3.7.1\jquery-3.7.1.jar;C:\Users\USER\.m2\repository\com\aventstack\extentreports\5.0.9\extentreports-5.0.9.jar;C:\Users\USER\.m2\repository\io\reactivex\rxjava3\rxjava\3.0.4\rxjava-3.0.4.jar;C:\Users\USER\.m2\repository\org\reactivestreams\reactive-streams\1.0.3\reactive-streams-1.0.3.jar;C:\Users\USER\.m2\repository\org\freemarker\freemarker\2.3.30\freemarker-2.3.30.jar;C:\Users\USER\.m2\repository\org\projectlombok\lombok\1.18.32\lombok-1.18.32.jar;"/>
    <property name="java.vm.vendor" value="Oracle Corporation"/>
    <property name="sun.arch.data.model" value="64"/>
    <property name="user.variant" value=""/>
    <property name="java.vendor.url" value="https://java.oracle.com/"/>
    <property name="user.timezone" value="Africa/Johannesburg"/>
    <property name="os.name" value="Windows 11"/>
    <property name="java.vm.specification.version" value="21"/>
    <property name="sun.java.launcher" value="SUN_STANDARD"/>
    <property name="user.country" value="AU"/>
    <property name="sun.boot.library.path" value="C:\Program Files\Java\jdk-21\bin"/>
    <property name="sun.java.command" value="C:\Users\USER\AppData\Local\Temp\surefire6913091453845666443\surefirebooter-20251016193610918_3.jar C:\Users\USER\AppData\Local\Temp\surefire6913091453845666443 2025-10-16T19-36-10_050-jvmRun1 surefire-20251016193610918_1tmp surefire_0-20251016193610918_2tmp"/>
    <property name="jdk.debug" value="release"/>
    <property name="surefire.test.class.path" value="C:\Users\USER\eclipse-workspace\Lambda-behavior-driven-development-framework\target\test-classes;C:\Users\USER\eclipse-workspace\Lambda-behavior-driven-development-framework\target\classes;C:\Users\USER\.m2\repository\org\seleniumhq\selenium\selenium-java\4.25.0\selenium-java-4.25.0.jar;C:\Users\USER\.m2\repository\org\seleniumhq\selenium\selenium-api\4.25.0\selenium-api-4.25.0.jar;C:\Users\USER\.m2\repository\org\jspecify\jspecify\1.0.0\jspecify-1.0.0.jar;C:\Users\USER\.m2\repository\org\seleniumhq\selenium\selenium-chrome-driver\4.25.0\selenium-chrome-driver-4.25.0.jar;C:\Users\USER\.m2\repository\com\google\auto\service\auto-service-annotations\1.1.1\auto-service-annotations-1.1.1.jar;C:\Users\USER\.m2\repository\org\seleniumhq\selenium\selenium-chromium-driver\4.25.0\selenium-chromium-driver-4.25.0.jar;C:\Users\USER\.m2\repository\org\seleniumhq\selenium\selenium-json\4.25.0\selenium-json-4.25.0.jar;C:\Users\USER\.m2\repository\org\seleniumhq\selenium\selenium-manager\4.25.0\selenium-manager-4.25.0.jar;C:\Users\USER\.m2\repository\org\seleniumhq\selenium\selenium-devtools-v127\4.25.0\selenium-devtools-v127-4.25.0.jar;C:\Users\USER\.m2\repository\org\seleniumhq\selenium\selenium-devtools-v128\4.25.0\selenium-devtools-v128-4.25.0.jar;C:\Users\USER\.m2\repository\org\seleniumhq\selenium\selenium-devtools-v129\4.25.0\selenium-devtools-v129-4.25.0.jar;C:\Users\USER\.m2\repository\org\seleniumhq\selenium\selenium-devtools-v85\4.25.0\selenium-devtools-v85-4.25.0.jar;C:\Users\USER\.m2\repository\org\seleniumhq\selenium\selenium-edge-driver\4.25.0\selenium-edge-driver-4.25.0.jar;C:\Users\USER\.m2\repository\org\seleniumhq\selenium\selenium-firefox-driver\4.25.0\selenium-firefox-driver-4.25.0.jar;C:\Users\USER\.m2\repository\org\seleniumhq\selenium\selenium-http\4.25.0\selenium-http-4.25.0.jar;C:\Users\USER\.m2\repository\dev\failsafe\failsafe\3.3.2\failsafe-3.3.2.jar;C:\Users\USER\.m2\repository\org\seleniumhq\selenium\selenium-ie-driver\4.25.0\selenium-ie-driver-4.25.0.jar;C:\Users\USER\.m2\repository\org\seleniumhq\selenium\selenium-remote-driver\4.25.0\selenium-remote-driver-4.25.0.jar;C:\Users\USER\.m2\repository\com\google\guava\guava\33.3.0-jre\guava-33.3.0-jre.jar;C:\Users\USER\.m2\repository\com\google\guava\failureaccess\1.0.2\failureaccess-1.0.2.jar;C:\Users\USER\.m2\repository\com\google\guava\listenablefuture\9999.0-empty-to-avoid-conflict-with-guava\listenablefuture-9999.0-empty-to-avoid-conflict-with-guava.jar;C:\Users\USER\.m2\repository\com\google\code\findbugs\jsr305\3.0.2\jsr305-3.0.2.jar;C:\Users\USER\.m2\repository\org\checkerframework\checker-qual\3.43.0\checker-qual-3.43.0.jar;C:\Users\USER\.m2\repository\com\google\j2objc\j2objc-annotations\3.0.0\j2objc-annotations-3.0.0.jar;C:\Users\USER\.m2\repository\io\opentelemetry\semconv\opentelemetry-semconv\1.25.0-alpha\opentelemetry-semconv-1.25.0-alpha.jar;C:\Users\USER\.m2\repository\io\opentelemetry\opentelemetry-api\1.42.1\opentelemetry-api-1.42.1.jar;C:\Users\USER\.m2\repository\io\opentelemetry\opentelemetry-context\1.42.1\opentelemetry-context-1.42.1.jar;C:\Users\USER\.m2\repository\io\opentelemetry\opentelemetry-exporter-logging\1.42.1\opentelemetry-exporter-logging-1.42.1.jar;C:\Users\USER\.m2\repository\io\opentelemetry\opentelemetry-sdk-common\1.42.1\opentelemetry-sdk-common-1.42.1.jar;C:\Users\USER\.m2\repository\io\opentelemetry\opentelemetry-sdk-extension-autoconfigure-spi\1.42.1\opentelemetry-sdk-extension-autoconfigure-spi-1.42.1.jar;C:\Users\USER\.m2\repository\io\opentelemetry\opentelemetry-sdk-extension-autoconfigure\1.42.1\opentelemetry-sdk-extension-autoconfigure-1.42.1.jar;C:\Users\USER\.m2\repository\io\opentelemetry\opentelemetry-api-incubator\1.42.1-alpha\opentelemetry-api-incubator-1.42.1-alpha.jar;C:\Users\USER\.m2\repository\io\opentelemetry\opentelemetry-sdk-trace\1.42.1\opentelemetry-sdk-trace-1.42.1.jar;C:\Users\USER\.m2\repository\io\opentelemetry\opentelemetry-sdk\1.42.1\opentelemetry-sdk-1.42.1.jar;C:\Users\USER\.m2\repository\io\opentelemetry\opentelemetry-sdk-metrics\1.42.1\opentelemetry-sdk-metrics-1.42.1.jar;C:\Users\USER\.m2\repository\io\opentelemetry\opentelemetry-sdk-logs\1.42.1\opentelemetry-sdk-logs-1.42.1.jar;C:\Users\USER\.m2\repository\net\bytebuddy\byte-buddy\1.15.1\byte-buddy-1.15.1.jar;C:\Users\USER\.m2\repository\org\seleniumhq\selenium\selenium-os\4.25.0\selenium-os-4.25.0.jar;C:\Users\USER\.m2\repository\org\apache\commons\commons-exec\1.4.0\commons-exec-1.4.0.jar;C:\Users\USER\.m2\repository\org\seleniumhq\selenium\selenium-safari-driver\4.25.0\selenium-safari-driver-4.25.0.jar;C:\Users\USER\.m2\repository\org\seleniumhq\selenium\selenium-support\4.25.0\selenium-support-4.25.0.jar;C:\Users\USER\.m2\repository\com\github\javafaker\javafaker\1.0.2\javafaker-1.0.2.jar;C:\Users\USER\.m2\repository\org\apache\commons\commons-lang3\3.5\commons-lang3-3.5.jar;C:\Users\USER\.m2\repository\org\yaml\snakeyaml\1.23\snakeyaml-1.23-android.jar;C:\Users\USER\.m2\repository\com\github\mifmif\generex\1.0.2\generex-1.0.2.jar;C:\Users\USER\.m2\repository\dk\brics\automaton\automaton\1.11-8\automaton-1.11-8.jar;C:\Users\USER\.m2\repository\io\github\bonigarcia\webdrivermanager\5.9.2\webdrivermanager-5.9.2.jar;C:\Users\USER\.m2\repository\org\slf4j\slf4j-api\2.0.13\slf4j-api-2.0.13.jar;C:\Users\USER\.m2\repository\com\google\code\gson\gson\2.11.0\gson-2.11.0.jar;C:\Users\USER\.m2\repository\com\google\errorprone\error_prone_annotations\2.27.0\error_prone_annotations-2.27.0.jar;C:\Users\USER\.m2\repository\com\github\docker-java\docker-java\3.4.0\docker-java-3.4.0.jar;C:\Users\USER\.m2\repository\com\github\docker-java\docker-java-core\3.4.0\docker-java-core-3.4.0.jar;C:\Users\USER\.m2\repository\com\github\docker-java\docker-java-api\3.4.0\docker-java-api-3.4.0.jar;C:\Users\USER\.m2\repository\com\fasterxml\jackson\core\jackson-annotations\2.10.3\jackson-annotations-2.10.3.jar;C:\Users\USER\.m2\repository\com\fasterxml\jackson\core\jackson-databind\2.10.3\jackson-databind-2.10.3.jar;C:\Users\USER\.m2\repository\com\fasterxml\jackson\core\jackson-core\2.10.3\jackson-core-2.10.3.jar;C:\Users\USER\.m2\repository\org\slf4j\jcl-over-slf4j\1.7.30\jcl-over-slf4j-1.7.30.jar;C:\Users\USER\.m2\repository\com\github\docker-java\docker-java-transport-httpclient5\3.4.0\docker-java-transport-httpclient5-3.4.0.jar;C:\Users\USER\.m2\repository\com\github\docker-java\docker-java-transport\3.4.0\docker-java-transport-3.4.0.jar;C:\Users\USER\.m2\repository\net\java\dev\jna\jna\5.13.0\jna-5.13.0.jar;C:\Users\USER\.m2\repository\org\brotli\dec\0.1.2\dec-0.1.2.jar;C:\Users\USER\.m2\repository\org\apache\commons\commons-compress\1.26.2\commons-compress-1.26.2.jar;C:\Users\USER\.m2\repository\commons-codec\commons-codec\1.17.0\commons-codec-1.17.0.jar;C:\Users\USER\.m2\repository\commons-io\commons-io\2.16.1\commons-io-2.16.1.jar;C:\Users\USER\.m2\repository\org\apache\httpcomponents\client5\httpclient5\5.2.1\httpclient5-5.2.1.jar;C:\Users\USER\.m2\repository\org\apache\httpcomponents\core5\httpcore5\5.2\httpcore5-5.2.jar;C:\Users\USER\.m2\repository\org\apache\httpcomponents\core5\httpcore5-h2\5.2\httpcore5-h2-5.2.jar;C:\Users\USER\.m2\repository\io\cucumber\cucumber-java\7.30.0\cucumber-java-7.30.0.jar;C:\Users\USER\.m2\repository\io\cucumber\cucumber-core\7.30.0\cucumber-core-7.30.0.jar;C:\Users\USER\.m2\repository\io\cucumber\cucumber-gherkin\7.30.0\cucumber-gherkin-7.30.0.jar;C:\Users\USER\.m2\repository\io\cucumber\cucumber-gherkin-messages\7.30.0\cucumber-gherkin-messages-7.30.0.jar;C:\Users\USER\.m2\repository\io\cucumber\gherkin\35.1.0\gherkin-35.1.0.jar;C:\Users\USER\.m2\repository\org\assertj\assertj-core\3.27.5\assertj-core-3.27.5.jar;C:\Users\USER\.m2\repository\io\cucumber\messages\29.0.1\messages-29.0.1.jar;C:\Users\USER\.m2\repository\io\cucumber\pretty-formatter\2.3.0\pretty-formatter-2.3.0.jar;C:\Users\USER\.m2\repository\io\cucumber\query\14.5.0\query-14.5.0.jar;C:\Users\USER\.m2\repository\io\cucumber\teamcity-formatter\0.1.1\teamcity-formatter-0.1.1.jar;C:\Users\USER\.m2\repository\io\cucumber\testng-xml-formatter\0.6.0\testng-xml-formatter-0.6.0.jar;C:\Users\USER\.m2\repository\io\cucumber\tag-expressions\6.1.2\tag-expressions-6.1.2.jar;C:\Users\USER\.m2\repository\io\cucumber\cucumber-expressions\18.0.1\cucumber-expressions-18.0.1.jar;C:\Users\USER\.m2\repository\io\cucumber\cucumber-json-formatter\0.2.1\cucumber-json-formatter-0.2.1.jar;C:\Users\USER\.m2\repository\io\cucumber\datatable\7.30.0\datatable-7.30.0.jar;C:\Users\USER\.m2\repository\io\cucumber\cucumber-plugin\7.30.0\cucumber-plugin-7.30.0.jar;C:\Users\USER\.m2\repository\io\cucumber\docstring\7.30.0\docstring-7.30.0.jar;C:\Users\USER\.m2\repository\io\cucumber\html-formatter\21.15.1\html-formatter-21.15.1.jar;C:\Users\USER\.m2\repository\io\cucumber\junit-xml-formatter\0.9.0\junit-xml-formatter-0.9.0.jar;C:\Users\USER\.m2\repository\io\cucumber\ci-environment\10.0.1\ci-environment-10.0.1.jar;C:\Users\USER\.m2\repository\org\apiguardian\apiguardian-api\1.1.2\apiguardian-api-1.1.2.jar;C:\Users\USER\.m2\repository\io\cucumber\cucumber-testng\7.30.0\cucumber-testng-7.30.0.jar;C:\Users\USER\.m2\repository\org\testng\testng\7.10.2\testng-7.10.2.jar;C:\Users\USER\.m2\repository\com\beust\jcommander\1.82\jcommander-1.82.jar;C:\Users\USER\.m2\repository\org\webjars\jquery\3.7.1\jquery-3.7.1.jar;C:\Users\USER\.m2\repository\com\aventstack\extentreports\5.0.9\extentreports-5.0.9.jar;C:\Users\USER\.m2\repository\io\reactivex\rxjava3\rxjava\3.0.4\rxjava-3.0.4.jar;C:\Users\USER\.m2\repository\org\reactivestreams\reactive-streams\1.0.3\reactive-streams-1.0.3.jar;C:\Users\USER\.m2\repository\org\freemarker\freemarker\2.3.30\freemarker-2.3.30.jar;C:\Users\USER\.m2\repository\org\projectlombok\lombok\1.18.32\lombok-1.18.32.jar;"/>
    <property name="sun.cpu.endian" value="little"/>
    <property name="user.home" value="C:\Users\USER"/>
    <property name="user.language" value="en"/>
    <property name="java.specification.vendor" value="Oracle Corporation"/>
    <property name="java.version.date" value="2025-07-15"/>
    <property name="java.home" value="C:\Program Files\Java\jdk-21"/>
    <property name="file.separator" value="\"/>
    <property name="basedir" value="C:\Users\USER\eclipse-workspace\Lambda-behavior-driven-development-framework"/>
    <property name="java.vm.compressedOopsMode" value="32-bit"/>
    <property name="line.separator" value="&#10;"/>
    <property name="java.vm.specification.vendor" value="Oracle Corporation"/>
    <property name="java.specification.name" value="Java Platform API Specification"/>
    <property name="surefire.real.class.path" value="C:\Users\USER\AppData\Local\Temp\surefire6913091453845666443\surefirebooter-20251016193610918_3.jar"/>
    <property name="user.script" value=""/>
    <property name="sun.management.compiler" value="HotSpot 64-Bit Tiered Compilers"/>
    <property name="java.runtime.version" value="21.0.8+12-LTS-250"/>
    <property name="webdriver.edge.driver" value="drivers/msedgedriver.exe"/>
    <property name="user.name" value="USER"/>
    <property name="stdout.encoding" value="Cp1252"/>
    <property name="path.separator" value=";"/>
    <property name="os.version" value="10.0"/>
    <property name="java.runtime.name" value="Java(TM) SE Runtime Environment"/>
    <property name="file.encoding" value="UTF-8"/>
    <property name="java.vm.name" value="Java HotSpot(TM) 64-Bit Server VM"/>
    <property name="localRepository" value="C:\Users\USER\.m2\repository"/>
    <property name="java.vendor.url.bug" value="https://bugreport.java.com/bugreport/"/>
    <property name="java.io.tmpdir" value="C:\Users\USER\AppData\Local\Temp\"/>
    <property name="java.version" value="21.0.8"/>
    <property name="user.dir" value="C:\Users\USER\eclipse-workspace\Lambda-behavior-driven-development-framework"/>
    <property name="os.arch" value="amd64"/>
    <property name="java.vm.specification.name" value="Java Virtual Machine Specification"/>
    <property name="sun.os.patch.level" value=""/>
    <property name="native.encoding" value="Cp1252"/>
    <property name="java.library.path" value="C:\Program Files\Java\jdk-21\bin;C:\Windows\Sun\Java\bin;C:\Windows\system32;C:\Windows;C:\Program Files (x86)\Microsoft SDKs\Azure\CLI2\wbin;C:\Program Files\Common Files\Oracle\Java\javapath;C:\Windows\system32;C:\Windows;C:\Windows\System32\Wbem;C:\Windows\System32\WindowsPowerShell\v1.0\;C:\Windows\System32\OpenSSH\;C:\Program Files\Microsoft SQL Server\150\Tools\Binn\;C:\Program Files\Microsoft SQL Server\Client SDK\ODBC\170\Tools\Binn\;C:\Program Files (x86)\Microsoft SQL Server\160\Tools\Binn\;C:\Program Files\Microsoft SQL Server\160\Tools\Binn\;C:\Program Files\Microsoft SQL Server\160\DTS\Binn\;C:\Program Files (x86)\Microsoft SQL Server\160\DTS\Binn\;C:\Program Files\Azure Data Studio\bin;C:\Program Files\dotnet\;C:\Program Files\Docker\Docker\resources\bin;C:\Program Files\nodejs\;C:\Program Files\Git\cmd;C:\Program Files\Git\bin;C:\Program Files\Git\cmd;C:\Program Files\apache-maven-3.9.10-bin\apache-maven-3.9.10\bin;%CATALINA%\bin;C:\Program Files\Java\jdk-21\bin;C:\Program Files\Java\jdk-17\bin;C:\Program Files (x86)\Microsoft SDKs\Azure\CLI2\wbin;C:\Program Files\Common Files\Oracle\Java\javapath;C:\Windows\system32;C:\Windows;C:\Windows\System32\Wbem;C:\Windows\System32\WindowsPowerShell\v1.0\;C:\Windows\System32\OpenSSH\;C:\Program Files\Microsoft SQL Server\150\Tools\Binn\;C:\Program Files\Microsoft SQL Server\Client SDK\ODBC\170\Tools\Binn\;C:\Program Files (x86)\Microsoft SQL Server\160\Tools\Binn\;C:\Program Files\Microsoft SQL Server\160\Tools\Binn\;C:\Program Files\Microsoft SQL Server\160\DTS\Binn\;C:\Program Files (x86)\Microsoft SQL Server\160\DTS\Binn\;C:\Program Files\Azure Data Studio\bin;C:\Program Files\dotnet\;C:\Program Files\Docker\Docker\resources\bin;C:\Program Files\nodejs\;C:\Program Files\Git\cmd;C:\Program Files\Git\bin;C:\Program Files\Git\cmd;C:\Program Files\apache-maven-3.9.10-bin\apache-maven-3.9.10\bin;%CATALINA%\bin;C:\Program Files\Java\jdk-17\bin;C:\Users\USER\AppData\Local\Programs\Eclipse Adoptium\jdk-17.0.16.8-hotspot\bin;C:\User;C:\Users\USER\AppData\Local\Programs\Microsoft VS Code\bin;."/>
    <property name="java.vm.info" value="mixed mode, sharing"/>
    <property name="stderr.encoding" value="Cp1252"/>
    <property name="java.vendor" value="Oracle Corporation"/>
    <property name="java.vm.version" value="21.0.8+12-LTS-250"/>
    <property name="sun.io.unicode.encoding" value="UnicodeLittle"/>
    <property name="java.class.version" value="65.0"/>
  </properties>
  <testcase name="runScenario[&quot;Successful Registration with Valid Details&quot;, &quot;Register User Functionality&quot;](1)" classname="testrunner.TestRunner" time="94.606">
    <system-out><![CDATA[
Scenario: Successful Registration with Valid Details                               # file:///C:/Users/USER/eclipse-workspace/Lambda-behavior-driven-development-framework/src/test/resources/features/RegisterSingleUser.feature:10
  ✔ Given User launches the lambdaTest home page                                   # stepdefinition.RegistrationSteps.user_launches_the_lambda_test_home_page()
  ✔ When User hovers over the My Account menu                                      # stepdefinition.RegistrationSteps.user_hovers_over_the_my_account_menu()
  ✔ And User clicks on the Register link                                           # stepdefinition.RegistrationSteps.user_clicks_on_the_register_link()
🧹 Cleared textbox using keyboard for element: [[EdgeDriver: MicrosoftEdge on windows (66c2e9964ae9b4513df1a48ff9517514)] -> name: firstname]
✅ Typed into: Entered First name text → Misty
🧹 Cleared textbox using keyboard for element: [[EdgeDriver: MicrosoftEdge on windows (66c2e9964ae9b4513df1a48ff9517514)] -> name: lastname]
✅ Typed into: Entered last name text → Cormier
🧹 Cleared textbox using keyboard for element: [[EdgeDriver: MicrosoftEdge on windows (66c2e9964ae9b4513df1a48ff9517514)] -> name: email]
✅ Typed into: Entered email text → misty1760636246345@mail.com
🧹 Cleared textbox using keyboard for element: [[EdgeDriver: MicrosoftEdge on windows (66c2e9964ae9b4513df1a48ff9517514)] -> name: telephone]
✅ Typed into: Entered telephone number → 1-416-925-4402
🧹 Cleared textbox using keyboard for element: [[EdgeDriver: MicrosoftEdge on windows (66c2e9964ae9b4513df1a48ff9517514)] -> name: password]
✅ Typed into: Entered passowrd text → Password123
🧹 Cleared textbox using keyboard for element: [[EdgeDriver: MicrosoftEdge on windows (66c2e9964ae9b4513df1a48ff9517514)] -> name: confirm]
✅ Typed into: Entered confirm password text → Password123
  ✔ When User enters all the mandatory fields with valid data                      # stepdefinition.RegistrationSteps.user_enters_all_the_mandatory_fields_with_valid_data()
✅ Clicked: Accept privacy policy
  ✔ And User clicks on the Privacy Policy checkbox                                 # stepdefinition.RegistrationSteps.user_clicks_on_the_privacy_policy_checkbox()
✅ Clicked: Clicks on continue button
  ✔ And User clicks on the Continue button                                         # stepdefinition.RegistrationSteps.user_clicks_on_the_continue_button()
✅ Text validation passed for Verifying register success message: Your Account Has Been Created!
  ✔ Then User should see a confirmation message indicating successful registration # stepdefinition.RegistrationSteps.user_should_see_a_confirmation_message_indicating_successful_registration()
]]></system-out>
    <system-err><![CDATA[SLF4J(W): No SLF4J providers were found.
SLF4J(W): Defaulting to no-operation (NOP) logger implementation
SLF4J(W): See https://www.slf4j.org/codes.html#noProviders for further details.
Oct 16, 2025 7:36:46 PM org.openqa.selenium.devtools.CdpVersionFinder findNearestMatch
WARNING: Unable to find CDP implementation matching 141
Oct 16, 2025 7:36:46 PM org.openqa.selenium.chromium.ChromiumDriver lambda$new$5
WARNING: Unable to find version of CDP to use for 141.0.3537.71. You may need to include a dependency on a specific version of the CDP using something similar to `org.seleniumhq.selenium:selenium-devtools-v86:4.25.0` where the version ("v86") matches the version of the chromium-based browser you're using and the version number of the artifact is the same as Selenium's.
]]></system-err>
  </testcase>
  <testcase name="runScenario[&quot;Registration with Already Registered Email&quot;, &quot;Register User Functionality&quot;](2)" classname="testrunner.TestRunner" time="33.937">
    <system-out><![CDATA[
Scenario: Registration with Already Registered Email                                      # file:///C:/Users/USER/eclipse-workspace/Lambda-behavior-driven-development-framework/src/test/resources/features/RegisterSingleUser.feature:17
  ✔ Given User launches the lambdaTest home page                                          # stepdefinition.RegistrationSteps.user_launches_the_lambda_test_home_page()
  ✔ When User hovers over the My Account menu                                             # stepdefinition.RegistrationSteps.user_hovers_over_the_my_account_menu()
✅ Clicked: Clicks on logout link
  ✔ And User is logged out                                                                # stepdefinition.RegistrationSteps.user_is_logged_out()
  ✔ And User clicks on the Register link                                                  # stepdefinition.RegistrationSteps.user_clicks_on_the_register_link()
🧹 Cleared textbox using keyboard for element: [[EdgeDriver: MicrosoftEdge on windows (66c2e9964ae9b4513df1a48ff9517514)] -> name: firstname]
✅ Typed into: Entered First name text → Misty
🧹 Cleared textbox using keyboard for element: [[EdgeDriver: MicrosoftEdge on windows (66c2e9964ae9b4513df1a48ff9517514)] -> name: lastname]
✅ Typed into: Entered last name text → Cormier
🧹 Cleared textbox using keyboard for element: [[EdgeDriver: MicrosoftEdge on windows (66c2e9964ae9b4513df1a48ff9517514)] -> name: email]
✅ Typed into: Entered email text → khakaalwande@gmail.com
🧹 Cleared textbox using keyboard for element: [[EdgeDriver: MicrosoftEdge on windows (66c2e9964ae9b4513df1a48ff9517514)] -> name: telephone]
✅ Typed into: Entered telephone number → 1-416-925-4402
🧹 Cleared textbox using keyboard for element: [[EdgeDriver: MicrosoftEdge on windows (66c2e9964ae9b4513df1a48ff9517514)] -> name: password]
✅ Typed into: Entered passowrd text → Password123
🧹 Cleared textbox using keyboard for element: [[EdgeDriver: MicrosoftEdge on windows (66c2e9964ae9b4513df1a48ff9517514)] -> name: confirm]
✅ Typed into: Entered confirm password text → Password123
  ✔ When User enters all the mandatory fields with an already registered email            # stepdefinition.RegistrationSteps.user_enters_all_the_mandatory_fields_with_an_already_registered_email()
✅ Clicked: Accept privacy policy
  ✔ And User clicks on the Privacy Policy checkbox                                        # stepdefinition.RegistrationSteps.user_clicks_on_the_privacy_policy_checkbox()
✅ Clicked: Clicks on continue button
  ✔ And User clicks on the Continue button                                                # stepdefinition.RegistrationSteps.user_clicks_on_the_continue_button()
✅ Text validation passed for Verifying duplicate email address: Warning: E-Mail Address is already registered!
  ✔ Then User should see an error message indicating that the email is already registered # stepdefinition.RegistrationSteps.user_should_see_an_error_message_indicating_that_the_email_is_already_registered()
]]></system-out>
  </testcase>
  <testcase name="runScenario[&quot;Registration with Missing Mandatory Fields&quot;, &quot;Register User Functionality&quot;](3)" classname="testrunner.TestRunner" time="27.308">
    <system-out><![CDATA[
Scenario: Registration with Missing Mandatory Fields                                  # file:///C:/Users/USER/eclipse-workspace/Lambda-behavior-driven-development-framework/src/test/resources/features/RegisterSingleUser.feature:25
  ✔ Given User launches the lambdaTest home page                                      # stepdefinition.RegistrationSteps.user_launches_the_lambda_test_home_page()
  ✔ When User hovers over the My Account menu                                         # stepdefinition.RegistrationSteps.user_hovers_over_the_my_account_menu()
  ✔ And User clicks on the Register link                                              # stepdefinition.RegistrationSteps.user_clicks_on_the_register_link()
🧹 Cleared textbox using keyboard for element: [[EdgeDriver: MicrosoftEdge on windows (66c2e9964ae9b4513df1a48ff9517514)] -> name: firstname]
✅ Typed into: Entered First name text → 
🧹 Cleared textbox using keyboard for element: [[EdgeDriver: MicrosoftEdge on windows (66c2e9964ae9b4513df1a48ff9517514)] -> name: lastname]
✅ Typed into: Entered last name text → 
🧹 Cleared textbox using keyboard for element: [[EdgeDriver: MicrosoftEdge on windows (66c2e9964ae9b4513df1a48ff9517514)] -> name: email]
✅ Typed into: Entered email text → 
🧹 Cleared textbox using keyboard for element: [[EdgeDriver: MicrosoftEdge on windows (66c2e9964ae9b4513df1a48ff9517514)] -> name: telephone]
✅ Typed into: Entered telephone number → 
🧹 Cleared textbox using keyboard for element: [[EdgeDriver: MicrosoftEdge on windows (66c2e9964ae9b4513df1a48ff9517514)] -> name: password]
✅ Typed into: Entered passowrd text → 
🧹 Cleared textbox using keyboard for element: [[EdgeDriver: MicrosoftEdge on windows (66c2e9964ae9b4513df1a48ff9517514)] -> name: confirm]
✅ Typed into: Entered confirm password text → 
  ✔ When User leaves one or more mandatory fields empty                               # stepdefinition.RegistrationSteps.user_leaves_one_or_more_mandatory_fields_empty()
✅ Clicked: Accept privacy policy
  ✔ And User clicks on the Privacy Policy checkbox                                    # stepdefinition.RegistrationSteps.user_clicks_on_the_privacy_policy_checkbox()
✅ Clicked: Clicks on continue button
  ✔ And User clicks on the Continue button                                            # stepdefinition.RegistrationSteps.user_clicks_on_the_continue_button()
Found 5 error messages.
Error message: First Name must be between 1 and 32 characters!
Matched expected message: First Name must be between 1 and 32 characters!
Error message: Last Name must be between 1 and 32 characters!
Matched expected message: Last Name must be between 1 and 32 characters!
Error message: E-Mail Address does not appear to be valid!
Matched expected message: E-Mail Address does not appear to be valid!
Error message: Telephone must be between 3 and 32 characters!
Matched expected message: Telephone must be between 3 and 32 characters!
Error message: Password must be between 4 and 20 characters!
Matched expected message: Password must be between 4 and 20 characters!
  ✔ Then User should see error messages indicating which mandatory fields are missing # stepdefinition.RegistrationSteps.user_should_see_error_messages_indicating_which_mandatory_fields_are_missing(java.util.List)
      | First Name must be between 1 and 32 characters! |
      | Last Name must be between 1 and 32 characters!  |
      | E-Mail Address does not appear to be valid!     |
      | Telephone must be between 3 and 32 characters!  |
      | Password must be between 4 and 20 characters!   |
]]></system-out>
  </testcase>
  <testcase name="runScenario[&quot;Registration with Invalid Email Format&quot;, &quot;Register User Functionality&quot;](4)" classname="testrunner.TestRunner" time="24.57">
    <system-out><![CDATA[
Scenario: Registration with Invalid Email Format                                      # file:///C:/Users/USER/eclipse-workspace/Lambda-behavior-driven-development-framework/src/test/resources/features/RegisterSingleUser.feature:38
  ✔ Given User launches the lambdaTest home page                                      # stepdefinition.RegistrationSteps.user_launches_the_lambda_test_home_page()
  ✔ When User hovers over the My Account menu                                         # stepdefinition.RegistrationSteps.user_hovers_over_the_my_account_menu()
  ✔ And User clicks on the Register link                                              # stepdefinition.RegistrationSteps.user_clicks_on_the_register_link()
🧹 Cleared textbox using keyboard for element: [[EdgeDriver: MicrosoftEdge on windows (66c2e9964ae9b4513df1a48ff9517514)] -> name: email]
✅ Typed into: Entered email text → khakaalwandegmail.com
  ✔ When User enters an invalid email format in the email field                       # stepdefinition.RegistrationSteps.user_enters_an_invalid_email_format_in_the_email_field()
🧹 Cleared textbox using keyboard for element: [[EdgeDriver: MicrosoftEdge on windows (66c2e9964ae9b4513df1a48ff9517514)] -> name: firstname]
✅ Typed into: Entered First name text → Misty
🧹 Cleared textbox using keyboard for element: [[EdgeDriver: MicrosoftEdge on windows (66c2e9964ae9b4513df1a48ff9517514)] -> name: lastname]
✅ Typed into: Entered last name text → Cormier
🧹 Cleared textbox using keyboard for element: [[EdgeDriver: MicrosoftEdge on windows (66c2e9964ae9b4513df1a48ff9517514)] -> name: telephone]
✅ Typed into: Entered telephone number → 1-416-925-4402
🧹 Cleared textbox using keyboard for element: [[EdgeDriver: MicrosoftEdge on windows (66c2e9964ae9b4513df1a48ff9517514)] -> name: password]
✅ Typed into: Entered passowrd text → Password123
🧹 Cleared textbox using keyboard for element: [[EdgeDriver: MicrosoftEdge on windows (66c2e9964ae9b4513df1a48ff9517514)] -> name: confirm]
✅ Typed into: Entered confirm password text → Password123
  ✔ And User fills in all other mandatory fields with valid data                      # stepdefinition.RegistrationSteps.user_fills_in_all_other_mandatory_fields_with_valid_data()
✅ Clicked: Accept privacy policy
  ✔ And User clicks on the Privacy Policy checkbox                                    # stepdefinition.RegistrationSteps.user_clicks_on_the_privacy_policy_checkbox()
✅ Clicked: Clicks on continue button
  ✔ And User clicks on the Continue button                                            # stepdefinition.RegistrationSteps.user_clicks_on_the_continue_button()
Validation message: Please include an '@' in the email address. 'khakaalwandegmail.com' is missing an '@'.
  ✔ Then User should see an error message indicating that the email format is invalid # stepdefinition.RegistrationSteps.user_should_see_an_error_message_indicating_that_the_email_format_is_invalid()
]]></system-out>
  </testcase>
  <testcase name="runScenario[&quot;Registration without Accepting Privacy Policy&quot;, &quot;Register User Functionality&quot;](5)" classname="testrunner.TestRunner" time="28.646">
    <system-out><![CDATA[
Scenario: Registration without Accepting Privacy Policy                                       # file:///C:/Users/USER/eclipse-workspace/Lambda-behavior-driven-development-framework/src/test/resources/features/RegisterSingleUser.feature:47
  ✔ Given User launches the lambdaTest home page                                              # stepdefinition.RegistrationSteps.user_launches_the_lambda_test_home_page()
  ✔ When User hovers over the My Account menu                                                 # stepdefinition.RegistrationSteps.user_hovers_over_the_my_account_menu()
  ✔ And User clicks on the Register link                                                      # stepdefinition.RegistrationSteps.user_clicks_on_the_register_link()
🧹 Cleared textbox using keyboard for element: [[EdgeDriver: MicrosoftEdge on windows (66c2e9964ae9b4513df1a48ff9517514)] -> name: firstname]
✅ Typed into: Entered First name text → Melissa
🧹 Cleared textbox using keyboard for element: [[EdgeDriver: MicrosoftEdge on windows (66c2e9964ae9b4513df1a48ff9517514)] -> name: lastname]
✅ Typed into: Entered last name text → Dickens
🧹 Cleared textbox using keyboard for element: [[EdgeDriver: MicrosoftEdge on windows (66c2e9964ae9b4513df1a48ff9517514)] -> name: email]
✅ Typed into: Entered email text → melissa1760636369919@mail.com
🧹 Cleared textbox using keyboard for element: [[EdgeDriver: MicrosoftEdge on windows (66c2e9964ae9b4513df1a48ff9517514)] -> name: telephone]
✅ Typed into: Entered telephone number → 179.192.6883
🧹 Cleared textbox using keyboard for element: [[EdgeDriver: MicrosoftEdge on windows (66c2e9964ae9b4513df1a48ff9517514)] -> name: password]
✅ Typed into: Entered passowrd text → Password123
🧹 Cleared textbox using keyboard for element: [[EdgeDriver: MicrosoftEdge on windows (66c2e9964ae9b4513df1a48ff9517514)] -> name: confirm]
✅ Typed into: Entered confirm password text → Password123
  ✔ When User enters all the mandatory fields with valid data                                 # stepdefinition.RegistrationSteps.user_enters_all_the_mandatory_fields_with_valid_data()
✅ Clicked: Clicks on continue button
  ✔ And User clicks on the Continue button                                                    # stepdefinition.RegistrationSteps.user_clicks_on_the_continue_button()
✅ Text validation passed for Verifying privacy policy warning message: Warning: You must agree to the Privacy Policy!
  ✔ Then User should see an error message indicating that the Privacy Policy must be accepted # stepdefinition.RegistrationSteps.user_should_see_an_error_message_indicating_that_the_privacy_policy_must_be_accepted()
]]></system-out>
  </testcase>
  <testcase name="runScenario[&quot;Registration with Weak Password&quot;, &quot;Register User Functionality&quot;](6)" classname="testrunner.TestRunner" time="28.186">
    <system-out><![CDATA[
Scenario: Registration with Weak Password                                          # file:///C:/Users/USER/eclipse-workspace/Lambda-behavior-driven-development-framework/src/test/resources/features/RegisterSingleUser.feature:54
  ✔ Given User launches the lambdaTest home page                                   # stepdefinition.RegistrationSteps.user_launches_the_lambda_test_home_page()
  ✔ When User hovers over the My Account menu                                      # stepdefinition.RegistrationSteps.user_hovers_over_the_my_account_menu()
  ✔ And User clicks on the Register link                                           # stepdefinition.RegistrationSteps.user_clicks_on_the_register_link()
🧹 Cleared textbox using keyboard for element: [[EdgeDriver: MicrosoftEdge on windows (66c2e9964ae9b4513df1a48ff9517514)] -> name: firstname]
✅ Typed into: Entered First name text → Virgilio
🧹 Cleared textbox using keyboard for element: [[EdgeDriver: MicrosoftEdge on windows (66c2e9964ae9b4513df1a48ff9517514)] -> name: lastname]
✅ Typed into: Entered last name text → Rohan
🧹 Cleared textbox using keyboard for element: [[EdgeDriver: MicrosoftEdge on windows (66c2e9964ae9b4513df1a48ff9517514)] -> name: email]
✅ Typed into: Entered email text → virgilio1760636398654@mail.com
🧹 Cleared textbox using keyboard for element: [[EdgeDriver: MicrosoftEdge on windows (66c2e9964ae9b4513df1a48ff9517514)] -> name: telephone]
✅ Typed into: Entered telephone number → 193-132-8841
🧹 Cleared textbox using keyboard for element: [[EdgeDriver: MicrosoftEdge on windows (66c2e9964ae9b4513df1a48ff9517514)] -> name: password]
✅ Typed into: Entered passowrd text → 123
🧹 Cleared textbox using keyboard for element: [[EdgeDriver: MicrosoftEdge on windows (66c2e9964ae9b4513df1a48ff9517514)] -> name: confirm]
✅ Typed into: Entered confirm password text → 123
  ✔ When User enters all the mandatory fields with valid data but a weak password  # stepdefinition.RegistrationSteps.user_enters_all_the_mandatory_fields_with_valid_data_but_a_weak_password()
✅ Clicked: Accept privacy policy
  ✔ And User clicks on the Privacy Policy checkbox                                 # stepdefinition.RegistrationSteps.user_clicks_on_the_privacy_policy_checkbox()
✅ Clicked: Clicks on continue button
  ✔ And User clicks on the Continue button                                         # stepdefinition.RegistrationSteps.user_clicks_on_the_continue_button()
✅ Text validation passed for Verifying field validation message: Password must be between 4 and 20 characters!
  ✔ Then User should see an error message indicating that the password is too weak # stepdefinition.RegistrationSteps.user_should_see_an_error_message_indicating_that_the_password_is_too_weak()
]]></system-out>
  </testcase>
  <testcase name="runScenario[&quot;Registration with Mismatched Password Confirmation&quot;, &quot;Register User Functionality&quot;](7)" classname="testrunner.TestRunner" time="29.51">
    <system-out><![CDATA[
Scenario: Registration with Mismatched Password Confirmation                                           # file:///C:/Users/USER/eclipse-workspace/Lambda-behavior-driven-development-framework/src/test/resources/features/RegisterSingleUser.feature:61
  ✔ Given User launches the lambdaTest home page                                                       # stepdefinition.RegistrationSteps.user_launches_the_lambda_test_home_page()
  ✔ When User hovers over the My Account menu                                                          # stepdefinition.RegistrationSteps.user_hovers_over_the_my_account_menu()
  ✔ And User clicks on the Register link                                                               # stepdefinition.RegistrationSteps.user_clicks_on_the_register_link()
🧹 Cleared textbox using keyboard for element: [[EdgeDriver: MicrosoftEdge on windows (66c2e9964ae9b4513df1a48ff9517514)] -> name: firstname]
✅ Typed into: Entered First name text → Marc
🧹 Cleared textbox using keyboard for element: [[EdgeDriver: MicrosoftEdge on windows (66c2e9964ae9b4513df1a48ff9517514)] -> name: lastname]
✅ Typed into: Entered last name text → Klocko
🧹 Cleared textbox using keyboard for element: [[EdgeDriver: MicrosoftEdge on windows (66c2e9964ae9b4513df1a48ff9517514)] -> name: email]
✅ Typed into: Entered email text → marc1760636425757@mail.com
🧹 Cleared textbox using keyboard for element: [[EdgeDriver: MicrosoftEdge on windows (66c2e9964ae9b4513df1a48ff9517514)] -> name: telephone]
✅ Typed into: Entered telephone number → 452-153-5248
🧹 Cleared textbox using keyboard for element: [[EdgeDriver: MicrosoftEdge on windows (66c2e9964ae9b4513df1a48ff9517514)] -> name: password]
✅ Typed into: Entered passowrd text → Password123
🧹 Cleared textbox using keyboard for element: [[EdgeDriver: MicrosoftEdge on windows (66c2e9964ae9b4513df1a48ff9517514)] -> name: confirm]
✅ Typed into: Entered confirm password text → DifferentPassword123
  ✔ When User enters all the mandatory fields with valid data but mismatched password and confirmation # stepdefinition.RegistrationSteps.user_enters_all_the_mandatory_fields_with_valid_data_but_mismatched_password_and_confirmation()
✅ Clicked: Accept privacy policy
  ✔ And User clicks on the Privacy Policy checkbox                                                     # stepdefinition.RegistrationSteps.user_clicks_on_the_privacy_policy_checkbox()
✅ Clicked: Clicks on continue button
  ✔ And User clicks on the Continue button                                                             # stepdefinition.RegistrationSteps.user_clicks_on_the_continue_button()
✅ Text validation passed for Verifying password mismatch message: Password confirmation does not match password!
  ✔ Then User should see an error message indicating that the password and confirmation do not match   # stepdefinition.RegistrationSteps.user_should_see_an_error_message_indicating_that_the_password_and_confirmation_do_not_match()
]]></system-out>
  </testcase>
</testsuite>