<?xml version="1.0" encoding="UTF-8"?>
<!-- Generated by org.testng.reporters.JUnitReportReporter -->
<testsuite hostname="elihle" failures="0" tests="7" name="testrunner.TestRunner" time="266.466" errors="0" timestamp="2025-10-16T19:40:48 SAST" skipped="0">
  <testcase classname="testrunner.TestRunner" name="runScenario" time="24.550"/>
  <testcase classname="testrunner.TestRunner" name="runScenario" time="27.502"/>
  <testcase classname="testrunner.TestRunner" name="runScenario" time="94.299"/>
  <testcase classname="testrunner.TestRunner" name="runScenario" time="29.396"/>
  <testcase classname="testrunner.TestRunner" name="runScenario" time="34.006"/>
  <testcase classname="testrunner.TestRunner" name="runScenario" time="28.071"/>
  <testcase classname="testrunner.TestRunner" name="runScenario" time="28.642"/>
</testsuite> <!-- testrunner.TestRunner -->
