<?xml version="1.0" encoding="UTF-8"?>
<!-- Generated by org.testng.reporters.JUnitReportReporter -->
<testsuite hostname="elihle" failures="0" tests="10" name="testrunner.TestRunner" time="275.738" errors="0" timestamp="2025-10-18T09:37:51 SAST" skipped="0">
  <testcase classname="testrunner.TestRunner" name="runScenario" time="14.130"/>
  <testcase classname="testrunner.TestRunner" name="runScenario" time="20.357"/>
  <testcase classname="testrunner.TestRunner" name="runScenario" time="20.438"/>
  <testcase classname="testrunner.TestRunner" name="runScenario" time="73.058"/>
  <testcase classname="testrunner.TestRunner" name="runScenario" time="30.840"/>
  <testcase classname="testrunner.TestRunner" name="runScenario" time="20.618"/>
  <testcase classname="testrunner.TestRunner" name="runScenario" time="28.058"/>
  <testcase classname="testrunner.TestRunner" name="runScenario" time="22.130"/>
  <testcase classname="testrunner.TestRunner" name="runScenario" time="21.133"/>
  <testcase classname="testrunner.TestRunner" name="runScenario" time="24.976"/>
</testsuite> <!-- testrunner.TestRunner -->
